Copyright 1986-2019 Xilinx, Inc. All Rights Reserved.
----------------------------------------------------------------------------------------------------------------------------------------------
| Tool Version     : Vivado v.2019.1 (win64) Build 2552052 Fri May 24 14:49:42 MDT 2019
| Date             : Tue Dec  6 16:14:53 2022
| Host             : ECE-PHO115-13 running 64-bit major release  (build 9200)
| Command          : report_power -file top_Game_power_routed.rpt -pb top_Game_power_summary_routed.pb -rpx top_Game_power_routed.rpx
| Design           : top_Game
| Device           : xc7a100tcsg324-1
| Design State     : routed
| Grade            : commercial
| Process          : typical
| Characterization : Production
----------------------------------------------------------------------------------------------------------------------------------------------

Power Report

Table of Contents
-----------------
1. Summary
1.1 On-Chip Components
1.2 Power Supply Summary
1.3 Confidence Level
2. Settings
2.1 Environment
2.2 Clock Constraints
3. Detailed Reports
3.1 By Hierarchy

1. Summary
----------

+--------------------------+--------------+
| Total On-Chip Power (W)  | 0.174        |
| Design Power Budget (W)  | Unspecified* |
| Power Budget Margin (W)  | NA           |
| Dynamic (W)              | 0.072        |
| Device Static (W)        | 0.102        |
| Effective TJA (C/W)      | 4.6          |
| Max Ambient (C)          | 84.2         |
| Junction Temperature (C) | 25.8         |
| Confidence Level         | Low          |
| Setting File             | ---          |
| Simulation Activity File | ---          |
| Design Nets Matched      | NA           |
+--------------------------+--------------+
* Specify Design Power Budget using, set_operating_conditions -design_power_budget <value in Watts>


1.1 On-Chip Components
----------------------

+----------------+-----------+----------+-----------+-----------------+
| On-Chip        | Power (W) | Used     | Available | Utilization (%) |
+----------------+-----------+----------+-----------+-----------------+
| Clocks         |     0.009 |        3 |       --- |             --- |
| Slice Logic    |     0.003 |     3685 |       --- |             --- |
|   LUT as Logic |     0.003 |     1549 |     63400 |            2.44 |
|   CARRY4       |    <0.001 |      409 |     15850 |            2.58 |
|   Register     |    <0.001 |     1012 |    126800 |            0.80 |
|   BUFG         |    <0.001 |        1 |        32 |            3.13 |
|   F7/F8 Muxes  |    <0.001 |        8 |     63400 |            0.01 |
|   Others       |     0.000 |       95 |       --- |             --- |
| Signals        |     0.003 |     2480 |       --- |             --- |
| Block RAM      |     0.043 |       96 |       135 |           71.11 |
| DSPs           |    <0.001 |        2 |       240 |            0.83 |
| I/O            |     0.011 |       62 |       210 |           29.52 |
| XADC           |     0.002 |        1 |       --- |             --- |
| Static Power   |     0.102 |          |           |                 |
| Total          |     0.174 |          |           |                 |
+----------------+-----------+----------+-----------+-----------------+


1.2 Power Supply Summary
------------------------

+-----------+-------------+-----------+-------------+------------+
| Source    | Voltage (V) | Total (A) | Dynamic (A) | Static (A) |
+-----------+-------------+-----------+-------------+------------+
| Vccint    |       1.000 |     0.073 |       0.055 |      0.017 |
| Vccaux    |       1.800 |     0.019 |       0.000 |      0.018 |
| Vcco33    |       3.300 |     0.007 |       0.003 |      0.004 |
| Vcco25    |       2.500 |     0.000 |       0.000 |      0.000 |
| Vcco18    |       1.800 |     0.000 |       0.000 |      0.000 |
| Vcco15    |       1.500 |     0.000 |       0.000 |      0.000 |
| Vcco135   |       1.350 |     0.000 |       0.000 |      0.000 |
| Vcco12    |       1.200 |     0.000 |       0.000 |      0.000 |
| Vccaux_io |       1.800 |     0.000 |       0.000 |      0.000 |
| Vccbram   |       1.000 |     0.006 |       0.004 |      0.003 |
| MGTAVcc   |       1.000 |     0.000 |       0.000 |      0.000 |
| MGTAVtt   |       1.200 |     0.000 |       0.000 |      0.000 |
| Vccadc    |       1.800 |     0.021 |       0.001 |      0.020 |
+-----------+-------------+-----------+-------------+------------+


1.3 Confidence Level
--------------------

+-----------------------------+------------+--------------------------------------------------------+--------------------------------------------------------------------------------------------------------------------+
| User Input Data             | Confidence | Details                                                | Action                                                                                                             |
+-----------------------------+------------+--------------------------------------------------------+--------------------------------------------------------------------------------------------------------------------+
| Design implementation state | High       | Design is routed                                       |                                                                                                                    |
| Clock nodes activity        | Medium     | More than 5% of clocks are missing user specification  | Provide missing clock activity with a constraint file, simulation results or by editing the "By Clock Domain" view |
| I/O nodes activity          | Low        | More than 75% of inputs are missing user specification | Provide missing input activity with simulation results or by editing the "By Resource Type -> I/Os" view           |
| Internal nodes activity     | Medium     | User specified less than 25% of internal nodes         | Provide missing internal nodes activity with simulation results or by editing the "By Resource Type" views         |
| Device models               | High       | Device models are Production                           |                                                                                                                    |
|                             |            |                                                        |                                                                                                                    |
| Overall confidence level    | Low        |                                                        |                                                                                                                    |
+-----------------------------+------------+--------------------------------------------------------+--------------------------------------------------------------------------------------------------------------------+


2. Settings
-----------

2.1 Environment
---------------

+-----------------------+--------------------------+
| Ambient Temp (C)      | 25.0                     |
| ThetaJA (C/W)         | 4.6                      |
| Airflow (LFM)         | 250                      |
| Heat Sink             | medium (Medium Profile)  |
| ThetaSA (C/W)         | 4.6                      |
| Board Selection       | medium (10"x10")         |
| # of Board Layers     | 12to15 (12 to 15 Layers) |
| Board Temperature (C) | 25.0                     |
+-----------------------+--------------------------+


2.2 Clock Constraints
---------------------

+-------------+-----------+-----------------+
| Clock       | Domain    | Constraint (ns) |
+-------------+-----------+-----------------+
| sys_clk_pin | CLK100MHZ |            10.0 |
+-------------+-----------+-----------------+


3. Detailed Reports
-------------------

3.1 By Hierarchy
----------------

+---------------------+-----------+
| Name                | Power (W) |
+---------------------+-----------+
| top_Game            |     0.072 |
|   top_ADC           |     0.003 |
|     XLXI_7          |     0.002 |
|   top_Pong          |     0.057 |
|     end_screen      |     0.023 |
|       vram          |     0.022 |
|     nolabel_line111 |     0.023 |
|       vram          |     0.022 |
|     pong            |     0.010 |
|       b0            |     0.003 |
+---------------------+-----------+


