Copyright 1986-2019 Xilinx, Inc. All Rights Reserved.
--------------------------------------------------------------------------------------------------------------------------------------------------------------
| Tool Version : Vivado v.2019.1 (win64) Build 2552052 Fri May 24 14:49:42 MDT 2019
| Date         : Tue Dec  6 16:14:51 2022
| Host         : ECE-PHO115-13 running 64-bit major release  (build 9200)
| Command      : report_methodology -file top_Game_methodology_drc_routed.rpt -pb top_Game_methodology_drc_routed.pb -rpx top_Game_methodology_drc_routed.rpx
| Design       : top_Game
| Device       : xc7a100tcsg324-1
| Speed File   : -1
| Design State : Fully Routed
--------------------------------------------------------------------------------------------------------------------------------------------------------------

Report Methodology

Table of Contents
-----------------
1. REPORT SUMMARY
2. REPORT DETAILS

1. REPORT SUMMARY
-----------------
            Netlist: netlist
          Floorplan: design_1
      Design limits: <entire design considered>
             Max violations: <unlimited>
             Violations found: 184
+-----------+------------------+--------------------------------------------+------------+
| Rule      | Severity         | Description                                | Violations |
+-----------+------------------+--------------------------------------------+------------+
| TIMING-17 | Critical Warning | Non-clocked sequential cell                | 29         |
| SYNTH-6   | Warning          | Timing of a block RAM might be sub-optimal | 12         |
| SYNTH-12  | Warning          | DSP input not registered                   | 1          |
| TIMING-18 | Warning          | Missing input or output delay              | 44         |
| TIMING-20 | Warning          | Non-clocked latch                          | 98         |
+-----------+------------------+--------------------------------------------+------------+

2. REPORT DETAILS
-----------------
TIMING-17#1 Critical Warning
Non-clocked sequential cell  
The clock pin top_Pong/current/anode_reg[0]/C is not reached by a timing clock
Related violations: <none>

TIMING-17#2 Critical Warning
Non-clocked sequential cell  
The clock pin top_Pong/current/anode_reg[1]/C is not reached by a timing clock
Related violations: <none>

TIMING-17#3 Critical Warning
Non-clocked sequential cell  
The clock pin top_Pong/current/counter_reg/C is not reached by a timing clock
Related violations: <none>

TIMING-17#4 Critical Warning
Non-clocked sequential cell  
The clock pin top_Pong/current/hex1/hex_seg_reg[0]/C is not reached by a timing clock
Related violations: <none>

TIMING-17#5 Critical Warning
Non-clocked sequential cell  
The clock pin top_Pong/current/hex1/hex_seg_reg[1]/C is not reached by a timing clock
Related violations: <none>

TIMING-17#6 Critical Warning
Non-clocked sequential cell  
The clock pin top_Pong/current/hex1/hex_seg_reg[2]/C is not reached by a timing clock
Related violations: <none>

TIMING-17#7 Critical Warning
Non-clocked sequential cell  
The clock pin top_Pong/current/hex1/hex_seg_reg[3]/C is not reached by a timing clock
Related violations: <none>

TIMING-17#8 Critical Warning
Non-clocked sequential cell  
The clock pin top_Pong/current/hex1/hex_seg_reg[4]/C is not reached by a timing clock
Related violations: <none>

TIMING-17#9 Critical Warning
Non-clocked sequential cell  
The clock pin top_Pong/current/hex1/hex_seg_reg[5]/C is not reached by a timing clock
Related violations: <none>

TIMING-17#10 Critical Warning
Non-clocked sequential cell  
The clock pin top_Pong/current/hex1/hex_seg_reg[6]/C is not reached by a timing clock
Related violations: <none>

TIMING-17#11 Critical Warning
Non-clocked sequential cell  
The clock pin top_Pong/current/hex2/hex_seg_reg[0]/C is not reached by a timing clock
Related violations: <none>

TIMING-17#12 Critical Warning
Non-clocked sequential cell  
The clock pin top_Pong/current/hex2/hex_seg_reg[1]/C is not reached by a timing clock
Related violations: <none>

TIMING-17#13 Critical Warning
Non-clocked sequential cell  
The clock pin top_Pong/current/hex2/hex_seg_reg[2]/C is not reached by a timing clock
Related violations: <none>

TIMING-17#14 Critical Warning
Non-clocked sequential cell  
The clock pin top_Pong/current/hex2/hex_seg_reg[3]/C is not reached by a timing clock
Related violations: <none>

TIMING-17#15 Critical Warning
Non-clocked sequential cell  
The clock pin top_Pong/current/hex2/hex_seg_reg[4]/C is not reached by a timing clock
Related violations: <none>

TIMING-17#16 Critical Warning
Non-clocked sequential cell  
The clock pin top_Pong/current/hex2/hex_seg_reg[5]/C is not reached by a timing clock
Related violations: <none>

TIMING-17#17 Critical Warning
Non-clocked sequential cell  
The clock pin top_Pong/current/hex2/hex_seg_reg[6]/C is not reached by a timing clock
Related violations: <none>

TIMING-17#18 Critical Warning
Non-clocked sequential cell  
The clock pin top_Pong/current/segment_reg[0]/C is not reached by a timing clock
Related violations: <none>

TIMING-17#19 Critical Warning
Non-clocked sequential cell  
The clock pin top_Pong/current/segment_reg[1]/C is not reached by a timing clock
Related violations: <none>

TIMING-17#20 Critical Warning
Non-clocked sequential cell  
The clock pin top_Pong/current/segment_reg[2]/C is not reached by a timing clock
Related violations: <none>

TIMING-17#21 Critical Warning
Non-clocked sequential cell  
The clock pin top_Pong/current/segment_reg[3]/C is not reached by a timing clock
Related violations: <none>

TIMING-17#22 Critical Warning
Non-clocked sequential cell  
The clock pin top_Pong/current/segment_reg[4]/C is not reached by a timing clock
Related violations: <none>

TIMING-17#23 Critical Warning
Non-clocked sequential cell  
The clock pin top_Pong/current/segment_reg[5]/C is not reached by a timing clock
Related violations: <none>

TIMING-17#24 Critical Warning
Non-clocked sequential cell  
The clock pin top_Pong/current/segment_reg[6]/C is not reached by a timing clock
Related violations: <none>

TIMING-17#25 Critical Warning
Non-clocked sequential cell  
The clock pin top_Pong/ec/VGA_R_C_reg[3]/C is not reached by a timing clock
Related violations: <none>

TIMING-17#26 Critical Warning
Non-clocked sequential cell  
The clock pin top_Pong/highest/anode_reg[0]/C is not reached by a timing clock
Related violations: <none>

TIMING-17#27 Critical Warning
Non-clocked sequential cell  
The clock pin top_Pong/highest/anode_reg[1]/C is not reached by a timing clock
Related violations: <none>

TIMING-17#28 Critical Warning
Non-clocked sequential cell  
The clock pin top_Pong/highest/counter_reg/C is not reached by a timing clock
Related violations: <none>

TIMING-17#29 Critical Warning
Non-clocked sequential cell  
The clock pin top_Pong/pong/VGA_R_reg[3]/C is not reached by a timing clock
Related violations: <none>

SYNTH-6#1 Warning
Timing of a block RAM might be sub-optimal  
The timing for the instance top_Pong/end_screen/vram/memory_array_reg_1_2, implemented as a block RAM, might be sub-optimal as no output register was merged into the block
Related violations: <none>

SYNTH-6#2 Warning
Timing of a block RAM might be sub-optimal  
The timing for the instance top_Pong/end_screen/vram/memory_array_reg_1_4, implemented as a block RAM, might be sub-optimal as no output register was merged into the block
Related violations: <none>

SYNTH-6#3 Warning
Timing of a block RAM might be sub-optimal  
The timing for the instance top_Pong/end_screen/vram/memory_array_reg_3_2, implemented as a block RAM, might be sub-optimal as no output register was merged into the block
Related violations: <none>

SYNTH-6#4 Warning
Timing of a block RAM might be sub-optimal  
The timing for the instance top_Pong/end_screen/vram/memory_array_reg_5_1, implemented as a block RAM, might be sub-optimal as no output register was merged into the block
Related violations: <none>

SYNTH-6#5 Warning
Timing of a block RAM might be sub-optimal  
The timing for the instance top_Pong/end_screen/vram/memory_array_reg_5_4, implemented as a block RAM, might be sub-optimal as no output register was merged into the block
Related violations: <none>

SYNTH-6#6 Warning
Timing of a block RAM might be sub-optimal  
The timing for the instance top_Pong/end_screen/vram/memory_array_reg_5_5, implemented as a block RAM, might be sub-optimal as no output register was merged into the block
Related violations: <none>

SYNTH-6#7 Warning
Timing of a block RAM might be sub-optimal  
The timing for the instance top_Pong/end_screen/vram/memory_array_reg_7_2, implemented as a block RAM, might be sub-optimal as no output register was merged into the block
Related violations: <none>

SYNTH-6#8 Warning
Timing of a block RAM might be sub-optimal  
The timing for the instance top_Pong/end_screen/vram/memory_array_reg_7_3, implemented as a block RAM, might be sub-optimal as no output register was merged into the block
Related violations: <none>

SYNTH-6#9 Warning
Timing of a block RAM might be sub-optimal  
The timing for the instance top_Pong/end_screen/vram/memory_array_reg_7_5, implemented as a block RAM, might be sub-optimal as no output register was merged into the block
Related violations: <none>

SYNTH-6#10 Warning
Timing of a block RAM might be sub-optimal  
The timing for the instance top_Pong/nolabel_line111/vram/memory_array_reg_1_2, implemented as a block RAM, might be sub-optimal as no output register was merged into the block
Related violations: <none>

SYNTH-6#11 Warning
Timing of a block RAM might be sub-optimal  
The timing for the instance top_Pong/nolabel_line111/vram/memory_array_reg_5_1, implemented as a block RAM, might be sub-optimal as no output register was merged into the block
Related violations: <none>

SYNTH-6#12 Warning
Timing of a block RAM might be sub-optimal  
The timing for the instance top_Pong/nolabel_line111/vram/memory_array_reg_5_5, implemented as a block RAM, might be sub-optimal as no output register was merged into the block
Related violations: <none>

SYNTH-12#1 Warning
DSP input not registered  
DSP instance top_Pong/end_screen/address_reg is not fully pipelined on the input side. AREG/BREG/CREG/DREG are not used.
Related violations: <none>

TIMING-18#1 Warning
Missing input or output delay  
An input delay is missing on BTNC relative to clock(s) sys_clk_pin
Related violations: <none>

TIMING-18#2 Warning
Missing input or output delay  
An input delay is missing on BTND relative to clock(s) sys_clk_pin
Related violations: <none>

TIMING-18#3 Warning
Missing input or output delay  
An input delay is missing on BTNU relative to clock(s) sys_clk_pin
Related violations: <none>

TIMING-18#4 Warning
Missing input or output delay  
An input delay is missing on RST_BTN relative to clock(s) sys_clk_pin
Related violations: <none>

TIMING-18#5 Warning
Missing input or output delay  
An output delay is missing on LED16_B relative to clock(s) sys_clk_pin
Related violations: <none>

TIMING-18#6 Warning
Missing input or output delay  
An output delay is missing on LED17_B relative to clock(s) sys_clk_pin
Related violations: <none>

TIMING-18#7 Warning
Missing input or output delay  
An output delay is missing on LED[0] relative to clock(s) sys_clk_pin
Related violations: <none>

TIMING-18#8 Warning
Missing input or output delay  
An output delay is missing on LED[10] relative to clock(s) sys_clk_pin
Related violations: <none>

TIMING-18#9 Warning
Missing input or output delay  
An output delay is missing on LED[11] relative to clock(s) sys_clk_pin
Related violations: <none>

TIMING-18#10 Warning
Missing input or output delay  
An output delay is missing on LED[12] relative to clock(s) sys_clk_pin
Related violations: <none>

TIMING-18#11 Warning
Missing input or output delay  
An output delay is missing on LED[13] relative to clock(s) sys_clk_pin
Related violations: <none>

TIMING-18#12 Warning
Missing input or output delay  
An output delay is missing on LED[14] relative to clock(s) sys_clk_pin
Related violations: <none>

TIMING-18#13 Warning
Missing input or output delay  
An output delay is missing on LED[15] relative to clock(s) sys_clk_pin
Related violations: <none>

TIMING-18#14 Warning
Missing input or output delay  
An output delay is missing on LED[1] relative to clock(s) sys_clk_pin
Related violations: <none>

TIMING-18#15 Warning
Missing input or output delay  
An output delay is missing on LED[2] relative to clock(s) sys_clk_pin
Related violations: <none>

TIMING-18#16 Warning
Missing input or output delay  
An output delay is missing on LED[3] relative to clock(s) sys_clk_pin
Related violations: <none>

TIMING-18#17 Warning
Missing input or output delay  
An output delay is missing on LED[4] relative to clock(s) sys_clk_pin
Related violations: <none>

TIMING-18#18 Warning
Missing input or output delay  
An output delay is missing on LED[5] relative to clock(s) sys_clk_pin
Related violations: <none>

TIMING-18#19 Warning
Missing input or output delay  
An output delay is missing on LED[6] relative to clock(s) sys_clk_pin
Related violations: <none>

TIMING-18#20 Warning
Missing input or output delay  
An output delay is missing on LED[7] relative to clock(s) sys_clk_pin
Related violations: <none>

TIMING-18#21 Warning
Missing input or output delay  
An output delay is missing on LED[8] relative to clock(s) sys_clk_pin
Related violations: <none>

TIMING-18#22 Warning
Missing input or output delay  
An output delay is missing on LED[9] relative to clock(s) sys_clk_pin
Related violations: <none>

TIMING-18#23 Warning
Missing input or output delay  
An output delay is missing on an_top[0] relative to clock(s) sys_clk_pin
Related violations: <none>

TIMING-18#24 Warning
Missing input or output delay  
An output delay is missing on an_top[1] relative to clock(s) sys_clk_pin
Related violations: <none>

TIMING-18#25 Warning
Missing input or output delay  
An output delay is missing on an_top[2] relative to clock(s) sys_clk_pin
Related violations: <none>

TIMING-18#26 Warning
Missing input or output delay  
An output delay is missing on an_top[3] relative to clock(s) sys_clk_pin
Related violations: <none>

TIMING-18#27 Warning
Missing input or output delay  
An output delay is missing on an_top[4] relative to clock(s) sys_clk_pin
Related violations: <none>

TIMING-18#28 Warning
Missing input or output delay  
An output delay is missing on an_top[5] relative to clock(s) sys_clk_pin
Related violations: <none>

TIMING-18#29 Warning
Missing input or output delay  
An output delay is missing on an_top[6] relative to clock(s) sys_clk_pin
Related violations: <none>

TIMING-18#30 Warning
Missing input or output delay  
An output delay is missing on an_top[7] relative to clock(s) sys_clk_pin
Related violations: <none>

TIMING-18#31 Warning
Missing input or output delay  
An output delay is missing on vga_b_top[0] relative to clock(s) sys_clk_pin
Related violations: <none>

TIMING-18#32 Warning
Missing input or output delay  
An output delay is missing on vga_b_top[1] relative to clock(s) sys_clk_pin
Related violations: <none>

TIMING-18#33 Warning
Missing input or output delay  
An output delay is missing on vga_b_top[2] relative to clock(s) sys_clk_pin
Related violations: <none>

TIMING-18#34 Warning
Missing input or output delay  
An output delay is missing on vga_b_top[3] relative to clock(s) sys_clk_pin
Related violations: <none>

TIMING-18#35 Warning
Missing input or output delay  
An output delay is missing on vga_g_top[0] relative to clock(s) sys_clk_pin
Related violations: <none>

TIMING-18#36 Warning
Missing input or output delay  
An output delay is missing on vga_g_top[1] relative to clock(s) sys_clk_pin
Related violations: <none>

TIMING-18#37 Warning
Missing input or output delay  
An output delay is missing on vga_g_top[2] relative to clock(s) sys_clk_pin
Related violations: <none>

TIMING-18#38 Warning
Missing input or output delay  
An output delay is missing on vga_g_top[3] relative to clock(s) sys_clk_pin
Related violations: <none>

TIMING-18#39 Warning
Missing input or output delay  
An output delay is missing on vga_hs_top relative to clock(s) sys_clk_pin
Related violations: <none>

TIMING-18#40 Warning
Missing input or output delay  
An output delay is missing on vga_r_top[0] relative to clock(s) sys_clk_pin
Related violations: <none>

TIMING-18#41 Warning
Missing input or output delay  
An output delay is missing on vga_r_top[1] relative to clock(s) sys_clk_pin
Related violations: <none>

TIMING-18#42 Warning
Missing input or output delay  
An output delay is missing on vga_r_top[2] relative to clock(s) sys_clk_pin
Related violations: <none>

TIMING-18#43 Warning
Missing input or output delay  
An output delay is missing on vga_r_top[3] relative to clock(s) sys_clk_pin
Related violations: <none>

TIMING-18#44 Warning
Missing input or output delay  
An output delay is missing on vga_vs_top relative to clock(s) sys_clk_pin
Related violations: <none>

TIMING-20#1 Warning
Non-clocked latch  
The latch top_Pong/seg_reg[0] cannot be properly analyzed as its control pin top_Pong/seg_reg[0]/G is not reached by a timing clock
Related violations: <none>

TIMING-20#2 Warning
Non-clocked latch  
The latch top_Pong/seg_reg[1] cannot be properly analyzed as its control pin top_Pong/seg_reg[1]/G is not reached by a timing clock
Related violations: <none>

TIMING-20#3 Warning
Non-clocked latch  
The latch top_Pong/seg_reg[2] cannot be properly analyzed as its control pin top_Pong/seg_reg[2]/G is not reached by a timing clock
Related violations: <none>

TIMING-20#4 Warning
Non-clocked latch  
The latch top_Pong/seg_reg[3] cannot be properly analyzed as its control pin top_Pong/seg_reg[3]/G is not reached by a timing clock
Related violations: <none>

TIMING-20#5 Warning
Non-clocked latch  
The latch top_Pong/seg_reg[4] cannot be properly analyzed as its control pin top_Pong/seg_reg[4]/G is not reached by a timing clock
Related violations: <none>

TIMING-20#6 Warning
Non-clocked latch  
The latch top_Pong/seg_reg[5] cannot be properly analyzed as its control pin top_Pong/seg_reg[5]/G is not reached by a timing clock
Related violations: <none>

TIMING-20#7 Warning
Non-clocked latch  
The latch top_Pong/seg_reg[6] cannot be properly analyzed as its control pin top_Pong/seg_reg[6]/G is not reached by a timing clock
Related violations: <none>

TIMING-20#8 Warning
Non-clocked latch  
The latch top_Pong/sq_c_x1_reg[10] cannot be properly analyzed as its control pin top_Pong/sq_c_x1_reg[10]/G is not reached by a timing clock
Related violations: <none>

TIMING-20#9 Warning
Non-clocked latch  
The latch top_Pong/sq_c_x1_reg[11] cannot be properly analyzed as its control pin top_Pong/sq_c_x1_reg[11]/G is not reached by a timing clock
Related violations: <none>

TIMING-20#10 Warning
Non-clocked latch  
The latch top_Pong/sq_c_x1_reg[1] cannot be properly analyzed as its control pin top_Pong/sq_c_x1_reg[1]/G is not reached by a timing clock
Related violations: <none>

TIMING-20#11 Warning
Non-clocked latch  
The latch top_Pong/sq_c_x1_reg[2] cannot be properly analyzed as its control pin top_Pong/sq_c_x1_reg[2]/G is not reached by a timing clock
Related violations: <none>

TIMING-20#12 Warning
Non-clocked latch  
The latch top_Pong/sq_c_x1_reg[3] cannot be properly analyzed as its control pin top_Pong/sq_c_x1_reg[3]/G is not reached by a timing clock
Related violations: <none>

TIMING-20#13 Warning
Non-clocked latch  
The latch top_Pong/sq_c_x1_reg[4] cannot be properly analyzed as its control pin top_Pong/sq_c_x1_reg[4]/G is not reached by a timing clock
Related violations: <none>

TIMING-20#14 Warning
Non-clocked latch  
The latch top_Pong/sq_c_x1_reg[5] cannot be properly analyzed as its control pin top_Pong/sq_c_x1_reg[5]/G is not reached by a timing clock
Related violations: <none>

TIMING-20#15 Warning
Non-clocked latch  
The latch top_Pong/sq_c_x1_reg[6] cannot be properly analyzed as its control pin top_Pong/sq_c_x1_reg[6]/G is not reached by a timing clock
Related violations: <none>

TIMING-20#16 Warning
Non-clocked latch  
The latch top_Pong/sq_c_x1_reg[7] cannot be properly analyzed as its control pin top_Pong/sq_c_x1_reg[7]/G is not reached by a timing clock
Related violations: <none>

TIMING-20#17 Warning
Non-clocked latch  
The latch top_Pong/sq_c_x1_reg[8] cannot be properly analyzed as its control pin top_Pong/sq_c_x1_reg[8]/G is not reached by a timing clock
Related violations: <none>

TIMING-20#18 Warning
Non-clocked latch  
The latch top_Pong/sq_c_x1_reg[9] cannot be properly analyzed as its control pin top_Pong/sq_c_x1_reg[9]/G is not reached by a timing clock
Related violations: <none>

TIMING-20#19 Warning
Non-clocked latch  
The latch top_Pong/sq_c_x2_reg[0] cannot be properly analyzed as its control pin top_Pong/sq_c_x2_reg[0]/G is not reached by a timing clock
Related violations: <none>

TIMING-20#20 Warning
Non-clocked latch  
The latch top_Pong/sq_c_x2_reg[10] cannot be properly analyzed as its control pin top_Pong/sq_c_x2_reg[10]/G is not reached by a timing clock
Related violations: <none>

TIMING-20#21 Warning
Non-clocked latch  
The latch top_Pong/sq_c_x2_reg[11] cannot be properly analyzed as its control pin top_Pong/sq_c_x2_reg[11]/G is not reached by a timing clock
Related violations: <none>

TIMING-20#22 Warning
Non-clocked latch  
The latch top_Pong/sq_c_x2_reg[1] cannot be properly analyzed as its control pin top_Pong/sq_c_x2_reg[1]/G is not reached by a timing clock
Related violations: <none>

TIMING-20#23 Warning
Non-clocked latch  
The latch top_Pong/sq_c_x2_reg[2] cannot be properly analyzed as its control pin top_Pong/sq_c_x2_reg[2]/G is not reached by a timing clock
Related violations: <none>

TIMING-20#24 Warning
Non-clocked latch  
The latch top_Pong/sq_c_x2_reg[3] cannot be properly analyzed as its control pin top_Pong/sq_c_x2_reg[3]/G is not reached by a timing clock
Related violations: <none>

TIMING-20#25 Warning
Non-clocked latch  
The latch top_Pong/sq_c_x2_reg[4] cannot be properly analyzed as its control pin top_Pong/sq_c_x2_reg[4]/G is not reached by a timing clock
Related violations: <none>

TIMING-20#26 Warning
Non-clocked latch  
The latch top_Pong/sq_c_x2_reg[5] cannot be properly analyzed as its control pin top_Pong/sq_c_x2_reg[5]/G is not reached by a timing clock
Related violations: <none>

TIMING-20#27 Warning
Non-clocked latch  
The latch top_Pong/sq_c_x2_reg[6] cannot be properly analyzed as its control pin top_Pong/sq_c_x2_reg[6]/G is not reached by a timing clock
Related violations: <none>

TIMING-20#28 Warning
Non-clocked latch  
The latch top_Pong/sq_c_x2_reg[7] cannot be properly analyzed as its control pin top_Pong/sq_c_x2_reg[7]/G is not reached by a timing clock
Related violations: <none>

TIMING-20#29 Warning
Non-clocked latch  
The latch top_Pong/sq_c_x2_reg[8] cannot be properly analyzed as its control pin top_Pong/sq_c_x2_reg[8]/G is not reached by a timing clock
Related violations: <none>

TIMING-20#30 Warning
Non-clocked latch  
The latch top_Pong/sq_c_x2_reg[9] cannot be properly analyzed as its control pin top_Pong/sq_c_x2_reg[9]/G is not reached by a timing clock
Related violations: <none>

TIMING-20#31 Warning
Non-clocked latch  
The latch top_Pong/sq_c_y1_reg[0] cannot be properly analyzed as its control pin top_Pong/sq_c_y1_reg[0]/G is not reached by a timing clock
Related violations: <none>

TIMING-20#32 Warning
Non-clocked latch  
The latch top_Pong/sq_c_y1_reg[10] cannot be properly analyzed as its control pin top_Pong/sq_c_y1_reg[10]/G is not reached by a timing clock
Related violations: <none>

TIMING-20#33 Warning
Non-clocked latch  
The latch top_Pong/sq_c_y1_reg[11] cannot be properly analyzed as its control pin top_Pong/sq_c_y1_reg[11]/G is not reached by a timing clock
Related violations: <none>

TIMING-20#34 Warning
Non-clocked latch  
The latch top_Pong/sq_c_y1_reg[1] cannot be properly analyzed as its control pin top_Pong/sq_c_y1_reg[1]/G is not reached by a timing clock
Related violations: <none>

TIMING-20#35 Warning
Non-clocked latch  
The latch top_Pong/sq_c_y1_reg[2] cannot be properly analyzed as its control pin top_Pong/sq_c_y1_reg[2]/G is not reached by a timing clock
Related violations: <none>

TIMING-20#36 Warning
Non-clocked latch  
The latch top_Pong/sq_c_y1_reg[3] cannot be properly analyzed as its control pin top_Pong/sq_c_y1_reg[3]/G is not reached by a timing clock
Related violations: <none>

TIMING-20#37 Warning
Non-clocked latch  
The latch top_Pong/sq_c_y1_reg[4] cannot be properly analyzed as its control pin top_Pong/sq_c_y1_reg[4]/G is not reached by a timing clock
Related violations: <none>

TIMING-20#38 Warning
Non-clocked latch  
The latch top_Pong/sq_c_y1_reg[5] cannot be properly analyzed as its control pin top_Pong/sq_c_y1_reg[5]/G is not reached by a timing clock
Related violations: <none>

TIMING-20#39 Warning
Non-clocked latch  
The latch top_Pong/sq_c_y1_reg[6] cannot be properly analyzed as its control pin top_Pong/sq_c_y1_reg[6]/G is not reached by a timing clock
Related violations: <none>

TIMING-20#40 Warning
Non-clocked latch  
The latch top_Pong/sq_c_y1_reg[7] cannot be properly analyzed as its control pin top_Pong/sq_c_y1_reg[7]/G is not reached by a timing clock
Related violations: <none>

TIMING-20#41 Warning
Non-clocked latch  
The latch top_Pong/sq_c_y1_reg[8] cannot be properly analyzed as its control pin top_Pong/sq_c_y1_reg[8]/G is not reached by a timing clock
Related violations: <none>

TIMING-20#42 Warning
Non-clocked latch  
The latch top_Pong/sq_c_y1_reg[9] cannot be properly analyzed as its control pin top_Pong/sq_c_y1_reg[9]/G is not reached by a timing clock
Related violations: <none>

TIMING-20#43 Warning
Non-clocked latch  
The latch top_Pong/sq_c_y2_reg[10] cannot be properly analyzed as its control pin top_Pong/sq_c_y2_reg[10]/G is not reached by a timing clock
Related violations: <none>

TIMING-20#44 Warning
Non-clocked latch  
The latch top_Pong/sq_c_y2_reg[11] cannot be properly analyzed as its control pin top_Pong/sq_c_y2_reg[11]/G is not reached by a timing clock
Related violations: <none>

TIMING-20#45 Warning
Non-clocked latch  
The latch top_Pong/sq_c_y2_reg[1] cannot be properly analyzed as its control pin top_Pong/sq_c_y2_reg[1]/G is not reached by a timing clock
Related violations: <none>

TIMING-20#46 Warning
Non-clocked latch  
The latch top_Pong/sq_c_y2_reg[2] cannot be properly analyzed as its control pin top_Pong/sq_c_y2_reg[2]/G is not reached by a timing clock
Related violations: <none>

TIMING-20#47 Warning
Non-clocked latch  
The latch top_Pong/sq_c_y2_reg[3] cannot be properly analyzed as its control pin top_Pong/sq_c_y2_reg[3]/G is not reached by a timing clock
Related violations: <none>

TIMING-20#48 Warning
Non-clocked latch  
The latch top_Pong/sq_c_y2_reg[4] cannot be properly analyzed as its control pin top_Pong/sq_c_y2_reg[4]/G is not reached by a timing clock
Related violations: <none>

TIMING-20#49 Warning
Non-clocked latch  
The latch top_Pong/sq_c_y2_reg[5] cannot be properly analyzed as its control pin top_Pong/sq_c_y2_reg[5]/G is not reached by a timing clock
Related violations: <none>

TIMING-20#50 Warning
Non-clocked latch  
The latch top_Pong/sq_c_y2_reg[6] cannot be properly analyzed as its control pin top_Pong/sq_c_y2_reg[6]/G is not reached by a timing clock
Related violations: <none>

TIMING-20#51 Warning
Non-clocked latch  
The latch top_Pong/sq_c_y2_reg[7] cannot be properly analyzed as its control pin top_Pong/sq_c_y2_reg[7]/G is not reached by a timing clock
Related violations: <none>

TIMING-20#52 Warning
Non-clocked latch  
The latch top_Pong/sq_c_y2_reg[8] cannot be properly analyzed as its control pin top_Pong/sq_c_y2_reg[8]/G is not reached by a timing clock
Related violations: <none>

TIMING-20#53 Warning
Non-clocked latch  
The latch top_Pong/sq_c_y2_reg[9] cannot be properly analyzed as its control pin top_Pong/sq_c_y2_reg[9]/G is not reached by a timing clock
Related violations: <none>

TIMING-20#54 Warning
Non-clocked latch  
The latch top_Pong/sq_d1_x1_reg[10] cannot be properly analyzed as its control pin top_Pong/sq_d1_x1_reg[10]/G is not reached by a timing clock
Related violations: <none>

TIMING-20#55 Warning
Non-clocked latch  
The latch top_Pong/sq_d1_x1_reg[11] cannot be properly analyzed as its control pin top_Pong/sq_d1_x1_reg[11]/G is not reached by a timing clock
Related violations: <none>

TIMING-20#56 Warning
Non-clocked latch  
The latch top_Pong/sq_d1_x1_reg[1] cannot be properly analyzed as its control pin top_Pong/sq_d1_x1_reg[1]/G is not reached by a timing clock
Related violations: <none>

TIMING-20#57 Warning
Non-clocked latch  
The latch top_Pong/sq_d1_x1_reg[2] cannot be properly analyzed as its control pin top_Pong/sq_d1_x1_reg[2]/G is not reached by a timing clock
Related violations: <none>

TIMING-20#58 Warning
Non-clocked latch  
The latch top_Pong/sq_d1_x1_reg[3] cannot be properly analyzed as its control pin top_Pong/sq_d1_x1_reg[3]/G is not reached by a timing clock
Related violations: <none>

TIMING-20#59 Warning
Non-clocked latch  
The latch top_Pong/sq_d1_x1_reg[4] cannot be properly analyzed as its control pin top_Pong/sq_d1_x1_reg[4]/G is not reached by a timing clock
Related violations: <none>

TIMING-20#60 Warning
Non-clocked latch  
The latch top_Pong/sq_d1_x1_reg[5] cannot be properly analyzed as its control pin top_Pong/sq_d1_x1_reg[5]/G is not reached by a timing clock
Related violations: <none>

TIMING-20#61 Warning
Non-clocked latch  
The latch top_Pong/sq_d1_x1_reg[6] cannot be properly analyzed as its control pin top_Pong/sq_d1_x1_reg[6]/G is not reached by a timing clock
Related violations: <none>

TIMING-20#62 Warning
Non-clocked latch  
The latch top_Pong/sq_d1_x1_reg[7] cannot be properly analyzed as its control pin top_Pong/sq_d1_x1_reg[7]/G is not reached by a timing clock
Related violations: <none>

TIMING-20#63 Warning
Non-clocked latch  
The latch top_Pong/sq_d1_x1_reg[8] cannot be properly analyzed as its control pin top_Pong/sq_d1_x1_reg[8]/G is not reached by a timing clock
Related violations: <none>

TIMING-20#64 Warning
Non-clocked latch  
The latch top_Pong/sq_d1_x1_reg[9] cannot be properly analyzed as its control pin top_Pong/sq_d1_x1_reg[9]/G is not reached by a timing clock
Related violations: <none>

TIMING-20#65 Warning
Non-clocked latch  
The latch top_Pong/sq_d1_x2_reg[0] cannot be properly analyzed as its control pin top_Pong/sq_d1_x2_reg[0]/G is not reached by a timing clock
Related violations: <none>

TIMING-20#66 Warning
Non-clocked latch  
The latch top_Pong/sq_d1_x2_reg[10] cannot be properly analyzed as its control pin top_Pong/sq_d1_x2_reg[10]/G is not reached by a timing clock
Related violations: <none>

TIMING-20#67 Warning
Non-clocked latch  
The latch top_Pong/sq_d1_x2_reg[11] cannot be properly analyzed as its control pin top_Pong/sq_d1_x2_reg[11]/G is not reached by a timing clock
Related violations: <none>

TIMING-20#68 Warning
Non-clocked latch  
The latch top_Pong/sq_d1_x2_reg[1] cannot be properly analyzed as its control pin top_Pong/sq_d1_x2_reg[1]/G is not reached by a timing clock
Related violations: <none>

TIMING-20#69 Warning
Non-clocked latch  
The latch top_Pong/sq_d1_x2_reg[2] cannot be properly analyzed as its control pin top_Pong/sq_d1_x2_reg[2]/G is not reached by a timing clock
Related violations: <none>

TIMING-20#70 Warning
Non-clocked latch  
The latch top_Pong/sq_d1_x2_reg[3] cannot be properly analyzed as its control pin top_Pong/sq_d1_x2_reg[3]/G is not reached by a timing clock
Related violations: <none>

TIMING-20#71 Warning
Non-clocked latch  
The latch top_Pong/sq_d1_x2_reg[4] cannot be properly analyzed as its control pin top_Pong/sq_d1_x2_reg[4]/G is not reached by a timing clock
Related violations: <none>

TIMING-20#72 Warning
Non-clocked latch  
The latch top_Pong/sq_d1_x2_reg[5] cannot be properly analyzed as its control pin top_Pong/sq_d1_x2_reg[5]/G is not reached by a timing clock
Related violations: <none>

TIMING-20#73 Warning
Non-clocked latch  
The latch top_Pong/sq_d1_x2_reg[6] cannot be properly analyzed as its control pin top_Pong/sq_d1_x2_reg[6]/G is not reached by a timing clock
Related violations: <none>

TIMING-20#74 Warning
Non-clocked latch  
The latch top_Pong/sq_d1_x2_reg[7] cannot be properly analyzed as its control pin top_Pong/sq_d1_x2_reg[7]/G is not reached by a timing clock
Related violations: <none>

TIMING-20#75 Warning
Non-clocked latch  
The latch top_Pong/sq_d1_x2_reg[8] cannot be properly analyzed as its control pin top_Pong/sq_d1_x2_reg[8]/G is not reached by a timing clock
Related violations: <none>

TIMING-20#76 Warning
Non-clocked latch  
The latch top_Pong/sq_d1_x2_reg[9] cannot be properly analyzed as its control pin top_Pong/sq_d1_x2_reg[9]/G is not reached by a timing clock
Related violations: <none>

TIMING-20#77 Warning
Non-clocked latch  
The latch top_Pong/sq_d_x1_reg[10] cannot be properly analyzed as its control pin top_Pong/sq_d_x1_reg[10]/G is not reached by a timing clock
Related violations: <none>

TIMING-20#78 Warning
Non-clocked latch  
The latch top_Pong/sq_d_x1_reg[11] cannot be properly analyzed as its control pin top_Pong/sq_d_x1_reg[11]/G is not reached by a timing clock
Related violations: <none>

TIMING-20#79 Warning
Non-clocked latch  
The latch top_Pong/sq_d_x1_reg[1] cannot be properly analyzed as its control pin top_Pong/sq_d_x1_reg[1]/G is not reached by a timing clock
Related violations: <none>

TIMING-20#80 Warning
Non-clocked latch  
The latch top_Pong/sq_d_x1_reg[2] cannot be properly analyzed as its control pin top_Pong/sq_d_x1_reg[2]/G is not reached by a timing clock
Related violations: <none>

TIMING-20#81 Warning
Non-clocked latch  
The latch top_Pong/sq_d_x1_reg[3] cannot be properly analyzed as its control pin top_Pong/sq_d_x1_reg[3]/G is not reached by a timing clock
Related violations: <none>

TIMING-20#82 Warning
Non-clocked latch  
The latch top_Pong/sq_d_x1_reg[4] cannot be properly analyzed as its control pin top_Pong/sq_d_x1_reg[4]/G is not reached by a timing clock
Related violations: <none>

TIMING-20#83 Warning
Non-clocked latch  
The latch top_Pong/sq_d_x1_reg[5] cannot be properly analyzed as its control pin top_Pong/sq_d_x1_reg[5]/G is not reached by a timing clock
Related violations: <none>

TIMING-20#84 Warning
Non-clocked latch  
The latch top_Pong/sq_d_x1_reg[6] cannot be properly analyzed as its control pin top_Pong/sq_d_x1_reg[6]/G is not reached by a timing clock
Related violations: <none>

TIMING-20#85 Warning
Non-clocked latch  
The latch top_Pong/sq_d_x1_reg[7] cannot be properly analyzed as its control pin top_Pong/sq_d_x1_reg[7]/G is not reached by a timing clock
Related violations: <none>

TIMING-20#86 Warning
Non-clocked latch  
The latch top_Pong/sq_d_x1_reg[8] cannot be properly analyzed as its control pin top_Pong/sq_d_x1_reg[8]/G is not reached by a timing clock
Related violations: <none>

TIMING-20#87 Warning
Non-clocked latch  
The latch top_Pong/sq_d_x1_reg[9] cannot be properly analyzed as its control pin top_Pong/sq_d_x1_reg[9]/G is not reached by a timing clock
Related violations: <none>

TIMING-20#88 Warning
Non-clocked latch  
The latch top_Pong/sq_d_x2_reg[10] cannot be properly analyzed as its control pin top_Pong/sq_d_x2_reg[10]/G is not reached by a timing clock
Related violations: <none>

TIMING-20#89 Warning
Non-clocked latch  
The latch top_Pong/sq_d_x2_reg[11] cannot be properly analyzed as its control pin top_Pong/sq_d_x2_reg[11]/G is not reached by a timing clock
Related violations: <none>

TIMING-20#90 Warning
Non-clocked latch  
The latch top_Pong/sq_d_x2_reg[1] cannot be properly analyzed as its control pin top_Pong/sq_d_x2_reg[1]/G is not reached by a timing clock
Related violations: <none>

TIMING-20#91 Warning
Non-clocked latch  
The latch top_Pong/sq_d_x2_reg[2] cannot be properly analyzed as its control pin top_Pong/sq_d_x2_reg[2]/G is not reached by a timing clock
Related violations: <none>

TIMING-20#92 Warning
Non-clocked latch  
The latch top_Pong/sq_d_x2_reg[3] cannot be properly analyzed as its control pin top_Pong/sq_d_x2_reg[3]/G is not reached by a timing clock
Related violations: <none>

TIMING-20#93 Warning
Non-clocked latch  
The latch top_Pong/sq_d_x2_reg[4] cannot be properly analyzed as its control pin top_Pong/sq_d_x2_reg[4]/G is not reached by a timing clock
Related violations: <none>

TIMING-20#94 Warning
Non-clocked latch  
The latch top_Pong/sq_d_x2_reg[5] cannot be properly analyzed as its control pin top_Pong/sq_d_x2_reg[5]/G is not reached by a timing clock
Related violations: <none>

TIMING-20#95 Warning
Non-clocked latch  
The latch top_Pong/sq_d_x2_reg[6] cannot be properly analyzed as its control pin top_Pong/sq_d_x2_reg[6]/G is not reached by a timing clock
Related violations: <none>

TIMING-20#96 Warning
Non-clocked latch  
The latch top_Pong/sq_d_x2_reg[7] cannot be properly analyzed as its control pin top_Pong/sq_d_x2_reg[7]/G is not reached by a timing clock
Related violations: <none>

TIMING-20#97 Warning
Non-clocked latch  
The latch top_Pong/sq_d_x2_reg[8] cannot be properly analyzed as its control pin top_Pong/sq_d_x2_reg[8]/G is not reached by a timing clock
Related violations: <none>

TIMING-20#98 Warning
Non-clocked latch  
The latch top_Pong/sq_d_x2_reg[9] cannot be properly analyzed as its control pin top_Pong/sq_d_x2_reg[9]/G is not reached by a timing clock
Related violations: <none>


